date: 2013-12-18 18:48:18.900
argv: node C:\Users\Administrator\AppData\Roaming\npm\node_modules\hexo\bin\hexo d
os: Windows_NT 6.1.7601 win32 ia32
version:
  hexo: 2.3.0
  http_parser: 1.0
  node: 0.10.22
  v8: 3.14.5.9
  ares: 1.9.0-DEV
  uv: 0.10.19
  zlib: 1.2.3
  modules: 11
  openssl: 1.0.1e
---

[debug] 18:48:17.248 Configuration file load successfully
[debug] 18:48:17.251 Version info checked successfully
[debug] 18:48:17.257 Plugin loaded successfully: hexo-generator-feed
[debug] 18:48:17.261 Plugin loaded successfully: hexo-generator-sitemap
[debug] 18:48:18.192 Plugin loaded successfully: hexo-migrator-wordpress
[debug] 18:48:18.193 Loading the database...
[info] 18:48:18.807 Start deploying: github
[info] 18:48:18.813 Clearing .deploy folder...
[info] 18:48:18.873 Copying files from public folder...
[error] 18:48:18.889 Error: EPERM, mkdir 'E:\test\hexo\.deploy\archives'
Error: EPERM, mkdir 'E:\test\hexo\.deploy\archives'
